<?xml version="1.0" encoding="UTF-8"?>
<!-- Generated by org.testng.reporters.JUnitReportReporter -->
<testsuite hostname="RaselPC" failures="0" tests="9" name="com.smarttechqa.runner.FeatureRunner" time="0.217" errors="0" timestamp="16 Oct 2022 17:30:36 GMT" skipped="0">
  <testcase classname="com.smarttechqa.runner.FeatureRunner" name="runScenario" time="0.119"/>
  <testcase classname="com.smarttechqa.runner.FeatureRunner" name="runScenario" time="0.010"/>
  <testcase classname="com.smarttechqa.runner.FeatureRunner" name="runScenario" time="0.011"/>
  <testcase classname="com.smarttechqa.runner.FeatureRunner" name="runScenario" time="0.010"/>
  <testcase classname="com.smarttechqa.runner.FeatureRunner" name="runScenario" time="0.012"/>
  <testcase classname="com.smarttechqa.runner.FeatureRunner" name="runScenario" time="0.011"/>
  <testcase classname="com.smarttechqa.runner.FeatureRunner" name="runScenario" time="0.017"/>
  <testcase classname="com.smarttechqa.runner.FeatureRunner" name="runScenario" time="0.015"/>
  <testcase classname="com.smarttechqa.runner.FeatureRunner" name="runScenario" time="0.012"/>
</testsuite> <!-- com.smarttechqa.runner.FeatureRunner -->
