<?xml version="1.0" encoding="UTF-8"?>
<!-- Generated by org.testng.reporters.JUnitReportReporter -->
<testsuite hostname="RaselPC" failures="0" tests="1" name="com.smarttechqa.testng.TestngPractice" time="7.651" errors="0" timestamp="16 Oct 2022 18:51:45 GMT" skipped="0">
  <testcase classname="com.smarttechqa.testng.TestngPractice" name="googleSearch" time="7.651"/>
</testsuite> <!-- com.smarttechqa.testng.TestngPractice -->
